-------------------------------------------------------------------------------
Test set: jenkins.JenkinsTests
-------------------------------------------------------------------------------
Tests run: 1, Failures: 1, Errors: 0, Skipped: 0, Time elapsed: 3.243 s <<< FAILURE! - in jenkins.JenkinsTests
jenkins.JenkinsTests.apiTest on apiTest(jenkins.JenkinsTests)  Time elapsed: 2.602 s  <<< FAILURE!
org.junit.ComparisonFailure: expected:<S[usan]> but was:<S[ally]>
	at jenkins.JenkinsTests.apiTest(JenkinsTests.java:42)

