<?xml version="1.0" encoding="UTF-8"?>
<testsuite xmlns:xsi="http://www.w3.org/2001/XMLSchema-instance" xsi:noNamespaceSchemaLocation="https://maven.apache.org/surefire/maven-surefire-plugin/xsd/surefire-test-report-3.0.xsd" version="3.0" name="jenkins.JenkinsTests" time="3.243" tests="1" errors="0" skipped="0" failures="1">
  <properties>
[...]
</properties>
  <testcase name="apiTest on apiTest(jenkins.JenkinsTests)" classname="jenkins.JenkinsTests" time="2.602">
    <failure message="expected:&lt;S[usan]&gt; but was:&lt;S[ally]&gt;" type="org.junit.ComparisonFailure"><![CDATA[org.junit.ComparisonFailure: expected:<S[usan]> but was:<S[ally]>
	at jenkins.JenkinsTests.apiTest(JenkinsTests.java:42)
]]></failure>
    <system-out><![CDATA[{
    "firstname": "Sally",
    "lastname": "Jones",
    "totalprice": 844,
    "depositpaid": true,
    "bookingdates": {
        "checkin": "2019-05-01",
        "checkout": "2019-11-02"
    },
    "additionalneeds": "Breakfast"
}
]]></system-out>
  </testcase>
</testsuite>